#
# There is insufficient memory for the Java Runtime Environment to continue.
# Native memory allocation (malloc) failed to allocate 580112 bytes. Error detail: Chunk::new
# Possible reasons:
#   The system is out of physical RAM or swap space
#   This process is running with CompressedOops enabled, and the Java Heap may be blocking the growth of the native heap
# Possible solutions:
#   Reduce memory load on the system
#   Increase physical memory or swap space
#   Check if swap backing store is full
#   Decrease Java heap size (-Xmx/-Xms)
#   Decrease number of Java threads
#   Decrease Java thread stack sizes (-Xss)
#   Set larger code cache with -XX:ReservedCodeCacheSize=
#   JVM is running with Unscaled Compressed Oops mode in which the Java heap is
#     placed in the first 4GB address space. The Java Heap base address is the
#     maximum limit for the native heap growth. Please use -XX:HeapBaseMinAddress
#     to set the Java Heap base and to place the Java Heap above 4GB virtual address.
# This output file may be truncated or incomplete.
#
#  Out of Memory Error (arena.cpp:168), pid=14532, tid=21132
#
# JRE version: OpenJDK Runtime Environment Temurin-21.0.9+10 (21.0.9+10) (build 21.0.9+10-LTS)
# Java VM: OpenJDK 64-Bit Server VM Temurin-21.0.9+10 (21.0.9+10-LTS, mixed mode, sharing, tiered, compressed oops, compressed class ptrs, parallel gc, windows-amd64)
# No core dump will be written. Minidumps are not enabled by default on client versions of Windows
#

---------------  S U M M A R Y ------------

Command Line: --add-modules=ALL-SYSTEM --add-opens=java.base/java.util=ALL-UNNAMED --add-opens=java.base/java.lang=ALL-UNNAMED --add-opens=java.base/sun.nio.fs=ALL-UNNAMED -Declipse.application=org.eclipse.jdt.ls.core.id1 -Dosgi.bundles.defaultStartLevel=4 -Declipse.product=org.eclipse.jdt.ls.core.product -Djava.import.generatesMetadataFilesAtProjectRoot=false -DDetectVMInstallationsJob.disabled=true -Dfile.encoding=utf8 -XX:+UseParallelGC -XX:GCTimeRatio=4 -XX:AdaptiveSizePolicyWeight=90 -Dsun.zip.disableMemoryMapping=true -Xmx2G -Xms100m -Xlog:disable -javaagent:c:\Users\riote\.vscode\extensions\redhat.java-1.50.0-win32-x64\lombok\lombok-1.18.39-4050.jar -XX:+HeapDumpOnOutOfMemoryError -XX:HeapDumpPath=c:\Users\riote\AppData\Roaming\Code\User\workspaceStorage\13b668ac731fed21f70de81d4ce0961b\redhat.java -Daether.dependencyCollector.impl=bf c:\Users\riote\.vscode\extensions\redhat.java-1.50.0-win32-x64\server\plugins\org.eclipse.equinox.launcher_1.7.100.v20251111-0406.jar -configuration c:\Users\riote\AppData\Roaming\Code\User\globalStorage\redhat.java\1.50.0\config_win -data c:\Users\riote\AppData\Roaming\Code\User\workspaceStorage\13b668ac731fed21f70de81d4ce0961b\redhat.java\jdt_ws --pipe=\\.\pipe\lsp-4384b8db6ea6736388b0a2c9436ad3ec-sock

Host: 11th Gen Intel(R) Core(TM) i3-1115G4 @ 3.00GHz, 4 cores, 7G,  Windows 11 , 64 bit Build 26100 (10.0.26100.7309)
Time: Sat Dec 13 12:27:05 2025 India Standard Time elapsed time: 53.623814 seconds (0d 0h 0m 53s)

---------------  T H R E A D  ---------------

Current thread (0x0000025dfd8e7fc0):  JavaThread "C2 CompilerThread1" daemon [_thread_in_native, id=21132, stack(0x000000c1be600000,0x000000c1be700000) (1024K)]


Current CompileTask:
C2:53624 10274       4       org.eclipse.jdt.internal.core.JarPackageFragmentRoot::getUnderlyingResource (26 bytes)

Stack: [0x000000c1be600000,0x000000c1be700000]
Native frames: (J=compiled Java code, j=interpreted, Vv=VM code, C=native code)
V  [jvm.dll+0x6d6e29]
V  [jvm.dll+0x8b4b76]
V  [jvm.dll+0x8b712e]
V  [jvm.dll+0x8b7813]
V  [jvm.dll+0x283d86]
V  [jvm.dll+0xc66ed]
V  [jvm.dll+0xc6c31]
V  [jvm.dll+0x3be53b]
V  [jvm.dll+0x1e3b52]
V  [jvm.dll+0x24c0f3]
V  [jvm.dll+0x24b580]
V  [jvm.dll+0x1cb13e]
V  [jvm.dll+0x25b29d]
V  [jvm.dll+0x25982a]
V  [jvm.dll+0x3f7ea6]
V  [jvm.dll+0x85e9ad]
V  [jvm.dll+0x6d565d]
C  [ucrtbase.dll+0x37b0]
C  [KERNEL32.DLL+0x2e8d7]
C  [ntdll.dll+0x8c53c]


---------------  P R O C E S S  ---------------

Threads class SMR info:
_java_thread_list=0x0000025dff14c920, length=36, elements={
0x0000025debd7a0f0, 0x0000025dee0e9990, 0x0000025dee0ed000, 0x0000025dedf21a10,
0x0000025dedf22660, 0x0000025dedf251c0, 0x0000025dedf25c10, 0x0000025dedf26a40,
0x0000025dedf765c0, 0x0000025df673f000, 0x0000025df685eaa0, 0x0000025dfb57bfa0,
0x0000025dfb54a0b0, 0x0000025dfb7b35a0, 0x0000025dfb7b43e0, 0x0000025dfb21af00,
0x0000025dfb0cdfd0, 0x0000025dfb3369a0, 0x0000025dfb334f60, 0x0000025dfb3355f0,
0x0000025dfb3376c0, 0x0000025dfb337d50, 0x0000025dfb335c80, 0x0000025dfcf527a0,
0x0000025dfcf52110, 0x0000025dfcf513f0, 0x0000025dfcf52e30, 0x0000025dfcf534c0,
0x0000025dfcf50040, 0x0000025dfcf53b50, 0x0000025dfcf506d0, 0x0000025dfcf541e0,
0x0000025dfcf50d60, 0x0000025dfcf54f00, 0x0000025dfcf54870, 0x0000025dfd8e7fc0
}

Java Threads: ( => current thread )
  0x0000025debd7a0f0 JavaThread "main"                              [_thread_blocked, id=9668, stack(0x000000c1bc300000,0x000000c1bc400000) (1024K)]
  0x0000025dee0e9990 JavaThread "Reference Handler"          daemon [_thread_blocked, id=20740, stack(0x000000c1bc700000,0x000000c1bc800000) (1024K)]
  0x0000025dee0ed000 JavaThread "Finalizer"                  daemon [_thread_blocked, id=4676, stack(0x000000c1bc800000,0x000000c1bc900000) (1024K)]
  0x0000025dedf21a10 JavaThread "Signal Dispatcher"          daemon [_thread_blocked, id=20760, stack(0x000000c1bc900000,0x000000c1bca00000) (1024K)]
  0x0000025dedf22660 JavaThread "Attach Listener"            daemon [_thread_blocked, id=18196, stack(0x000000c1bca00000,0x000000c1bcb00000) (1024K)]
  0x0000025dedf251c0 JavaThread "Service Thread"             daemon [_thread_blocked, id=2164, stack(0x000000c1bcb00000,0x000000c1bcc00000) (1024K)]
  0x0000025dedf25c10 JavaThread "Monitor Deflation Thread"   daemon [_thread_blocked, id=11572, stack(0x000000c1bcc00000,0x000000c1bcd00000) (1024K)]
  0x0000025dedf26a40 JavaThread "C2 CompilerThread0"         daemon [_thread_in_vm, id=23624, stack(0x000000c1bcd00000,0x000000c1bce00000) (1024K)]
  0x0000025dedf765c0 JavaThread "C1 CompilerThread0"         daemon [_thread_blocked, id=21428, stack(0x000000c1bce00000,0x000000c1bcf00000) (1024K)]
  0x0000025df673f000 JavaThread "Common-Cleaner"             daemon [_thread_blocked, id=1956, stack(0x000000c1bcf00000,0x000000c1bd000000) (1024K)]
  0x0000025df685eaa0 JavaThread "Notification Thread"        daemon [_thread_blocked, id=7888, stack(0x000000c1bd000000,0x000000c1bd100000) (1024K)]
  0x0000025dfb57bfa0 JavaThread "Active Thread: Equinox Container: 89028fdc-64b5-464c-848a-43606cac45f8"        [_thread_blocked, id=5564, stack(0x000000c1bd100000,0x000000c1bd200000) (1024K)]
  0x0000025dfb54a0b0 JavaThread "Refresh Thread: Equinox Container: 89028fdc-64b5-464c-848a-43606cac45f8" daemon [_thread_blocked, id=17160, stack(0x000000c1bd500000,0x000000c1bd600000) (1024K)]
  0x0000025dfb7b35a0 JavaThread "Framework Event Dispatcher: Equinox Container: 89028fdc-64b5-464c-848a-43606cac45f8" daemon [_thread_blocked, id=2904, stack(0x000000c1bd600000,0x000000c1bd700000) (1024K)]
  0x0000025dfb7b43e0 JavaThread "Start Level: Equinox Container: 89028fdc-64b5-464c-848a-43606cac45f8" daemon [_thread_blocked, id=19380, stack(0x000000c1bd700000,0x000000c1bd800000) (1024K)]
  0x0000025dfb21af00 JavaThread "Bundle File Closer"         daemon [_thread_blocked, id=24432, stack(0x000000c1bd800000,0x000000c1bd900000) (1024K)]
  0x0000025dfb0cdfd0 JavaThread "SCR Component Actor"        daemon [_thread_blocked, id=24032, stack(0x000000c1bd900000,0x000000c1bda00000) (1024K)]
  0x0000025dfb3369a0 JavaThread "Worker-JM"                         [_thread_blocked, id=19856, stack(0x000000c1bda00000,0x000000c1bdb00000) (1024K)]
  0x0000025dfb334f60 JavaThread "JNA Cleaner"                daemon [_thread_blocked, id=12884, stack(0x000000c1bdb00000,0x000000c1bdc00000) (1024K)]
  0x0000025dfb3355f0 JavaThread "Worker-0: Java indexing... "        [_thread_blocked, id=12256, stack(0x000000c1bdc00000,0x000000c1bdd00000) (1024K)]
  0x0000025dfb3376c0 JavaThread "Worker-1: Refreshing workspace"        [_thread_in_Java, id=3068, stack(0x000000c1bdd00000,0x000000c1bde00000) (1024K)]
  0x0000025dfb337d50 JavaThread "Worker-2"                          [_thread_blocked, id=13184, stack(0x000000c1bde00000,0x000000c1bdf00000) (1024K)]
  0x0000025dfb335c80 JavaThread "Worker-3: Initialize workspace"        [_thread_in_vm, id=8864, stack(0x000000c1be000000,0x000000c1be100000) (1024K)]
  0x0000025dfcf527a0 JavaThread "Java indexing"              daemon [_thread_in_Java, id=14992, stack(0x000000c1be100000,0x000000c1be200000) (1024K)]
  0x0000025dfcf52110 JavaThread "Worker-4: Check JDK Index"         [_thread_blocked, id=17988, stack(0x000000c1be200000,0x000000c1be300000) (1024K)]
  0x0000025dfcf513f0 JavaThread "Worker-5"                          [_thread_blocked, id=23044, stack(0x000000c1be400000,0x000000c1be500000) (1024K)]
  0x0000025dfcf52e30 JavaThread "Worker-6"                          [_thread_blocked, id=11272, stack(0x000000c1be500000,0x000000c1be600000) (1024K)]
  0x0000025dfcf534c0 JavaThread "Thread-1"                   daemon [_thread_in_native, id=22692, stack(0x000000c1be700000,0x000000c1be800000) (1024K)]
  0x0000025dfcf50040 JavaThread "Thread-2"                   daemon [_thread_in_native, id=16316, stack(0x000000c1be800000,0x000000c1be900000) (1024K)]
  0x0000025dfcf53b50 JavaThread "Thread-3"                   daemon [_thread_in_native, id=15364, stack(0x000000c1be900000,0x000000c1bea00000) (1024K)]
  0x0000025dfcf506d0 JavaThread "Thread-4"                   daemon [_thread_in_native, id=24520, stack(0x000000c1bea00000,0x000000c1beb00000) (1024K)]
  0x0000025dfcf541e0 JavaThread "Thread-5"                   daemon [_thread_in_native, id=17204, stack(0x000000c1beb00000,0x000000c1bec00000) (1024K)]
  0x0000025dfcf50d60 JavaThread "pool-2-thread-1"                   [_thread_blocked, id=1064, stack(0x000000c1bec00000,0x000000c1bed00000) (1024K)]
  0x0000025dfcf54f00 JavaThread "WorkspaceEventsHandler"            [_thread_blocked, id=17556, stack(0x000000c1bed00000,0x000000c1bee00000) (1024K)]
  0x0000025dfcf54870 JavaThread "pool-1-thread-1"                   [_thread_blocked, id=19664, stack(0x000000c1bee00000,0x000000c1bef00000) (1024K)]
=>0x0000025dfd8e7fc0 JavaThread "C2 CompilerThread1"         daemon [_thread_in_native, id=21132, stack(0x000000c1be600000,0x000000c1be700000) (1024K)]
Total: 36

Other Threads:
  0x0000025dee0ce990 VMThread "VM Thread"                           [id=23712, stack(0x000000c1bc600000,0x000000c1bc700000) (1024K)]
  0x0000025dee09afb0 WatcherThread "VM Periodic Task Thread"        [id=6664, stack(0x000000c1bc500000,0x000000c1bc600000) (1024K)]
  0x0000025dee04e660 WorkerThread "GC Thread#0"                     [id=12464, stack(0x000000c1bc400000,0x000000c1bc500000) (1024K)]
  0x0000025dfb087b20 WorkerThread "GC Thread#1"                     [id=16508, stack(0x000000c1bd200000,0x000000c1bd300000) (1024K)]
  0x0000025dfb085fb0 WorkerThread "GC Thread#2"                     [id=5384, stack(0x000000c1bd300000,0x000000c1bd400000) (1024K)]
  0x0000025dfb086350 WorkerThread "GC Thread#3"                     [id=13412, stack(0x000000c1bd400000,0x000000c1bd500000) (1024K)]
Total: 6

Threads with active compile tasks:
C2 CompilerThread0  53700 10278       4       org.eclipse.jdt.internal.core.JavaModel::getExternalTarget (85 bytes)
C2 CompilerThread1  53700 10274       4       org.eclipse.jdt.internal.core.JarPackageFragmentRoot::getUnderlyingResource (26 bytes)
Total: 2

VM state: not at safepoint (normal execution)

VM Mutex/Monitor currently owned by a thread: None

Heap address: 0x0000000080000000, size: 2048 MB, Compressed Oops mode: 32-bit

CDS archive(s) mapped at: [0x0000025d8f000000-0x0000025d8fba0000-0x0000025d8fba0000), size 12189696, SharedBaseAddress: 0x0000025d8f000000, ArchiveRelocationMode: 1.
Compressed class space mapped at: 0x0000025d90000000-0x0000025dd0000000, reserved size: 1073741824
Narrow klass base: 0x0000025d8f000000, Narrow klass shift: 0, Narrow klass range: 0x100000000

GC Precious Log:
 CardTable entry size: 512
 CPUs: 4 total, 4 available
 Memory: 7934M
 Large Page Support: Disabled
 NUMA Support: Disabled
 Compressed Oops: Enabled (32-bit)
 Alignments: Space 512K, Generation 512K, Heap 2M
 Heap Min Capacity: 100M
 Heap Initial Capacity: 100M
 Heap Max Capacity: 2G
 Pre-touch: Disabled
 Parallel Workers: 4

Heap:
 PSYoungGen      total 4096K, used 2706K [0x00000000d5580000, 0x00000000d5a80000, 0x0000000100000000)
  eden space 3584K, 65% used [0x00000000d5580000,0x00000000d57c8ad0,0x00000000d5900000)
  from space 512K, 71% used [0x00000000d5a00000,0x00000000d5a5be10,0x00000000d5a80000)
  to   space 512K, 0% used [0x00000000d5980000,0x00000000d5980000,0x00000000d5a00000)
 ParOldGen       total 171008K, used 170795K [0x0000000080000000, 0x000000008a700000, 0x00000000d5580000)
  object space 171008K, 99% used [0x0000000080000000,0x000000008a6caf48,0x000000008a700000)
 Metaspace       used 54480K, committed 55872K, reserved 1114112K
  class space    used 5768K, committed 6400K, reserved 1048576K

Card table byte_map: [0x0000025ded9d0000,0x0000025dedde0000] _byte_map_base: 0x0000025ded5d0000

Marking Bits: (ParMarkBitMap*) 0x00007ffa42e32460
 Begin Bits: [0x0000025df14e0000, 0x0000025df34e0000)
 End Bits:   [0x0000025df34e0000, 0x0000025df54e0000)

Polling page: 0x0000025debfd0000

Metaspace:

Usage:
  Non-class:     47.57 MB used.
      Class:      5.63 MB used.
       Both:     53.21 MB used.

Virtual space:
  Non-class space:       64.00 MB reserved,      48.31 MB ( 75%) committed,  1 nodes.
      Class space:        1.00 GB reserved,       6.25 MB ( <1%) committed,  1 nodes.
             Both:        1.06 GB reserved,      54.56 MB (  5%) committed. 

Chunk freelists:
   Non-Class:  15.59 MB
       Class:  9.61 MB
        Both:  25.20 MB

MaxMetaspaceSize: unlimited
CompressedClassSpaceSize: 1.00 GB
Initial GC threshold: 21.00 MB
Current GC threshold: 58.38 MB
CDS: on
 - commit_granule_bytes: 65536.
 - commit_granule_words: 8192.
 - virtual_space_node_default_size: 8388608.
 - enlarge_chunks_in_place: 1.
 - use_allocation_guard: 0.


Internal statistics:

num_allocs_failed_limit: 6.
num_arena_births: 1056.
num_arena_deaths: 14.
num_vsnodes_births: 2.
num_vsnodes_deaths: 0.
num_space_committed: 873.
num_space_uncommitted: 0.
num_chunks_returned_to_freelist: 20.
num_chunks_taken_from_freelist: 3745.
num_chunk_merges: 11.
num_chunk_splits: 2206.
num_chunks_enlarged: 1106.
num_inconsistent_stats: 0.

CodeHeap 'non-profiled nmethods': size=120000Kb used=7649Kb max_used=7649Kb free=112350Kb
 bounds [0x0000025d87ad0000, 0x0000025d88250000, 0x0000025d8f000000]
CodeHeap 'profiled nmethods': size=120000Kb used=21741Kb max_used=21741Kb free=98258Kb
 bounds [0x0000025d80000000, 0x0000025d81540000, 0x0000025d87530000]
CodeHeap 'non-nmethods': size=5760Kb used=1408Kb max_used=1477Kb free=4351Kb
 bounds [0x0000025d87530000, 0x0000025d877a0000, 0x0000025d87ad0000]
CodeCache: size=245760Kb, used=30798Kb, max_used=30867Kb, free=214959Kb
 total_blobs=10384, nmethods=9679, adapters=611, full_count=0
Compilation: enabled, stopped_count=0, restarted_count=0

Compilation events (20 events):
Event: 53.387 Thread 0x0000025dedf26a40 10268       4       org.eclipse.jdt.internal.core.JarPackageFragmentRoot::internalPath (17 bytes)
Event: 53.395 Thread 0x0000025dedf26a40 nmethod 10268 0x0000025d8823ae10 code [0x0000025d8823afc0, 0x0000025d8823b1e8]
Event: 53.395 Thread 0x0000025dedf26a40 10265  s    4       org.eclipse.jdt.internal.core.JavaModelManager::getInfo (39 bytes)
Event: 53.405 Thread 0x0000025dedf765c0 10271       3       org.eclipse.core.internal.resources.Project::hasNature (36 bytes)
Event: 53.408 Thread 0x0000025dedf765c0 nmethod 10271 0x0000025d81535d10 code [0x0000025d81535f40, 0x0000025d815368e8]
Event: 53.421 Thread 0x0000025dedf765c0 10273       1       org.eclipse.jdt.internal.core.JavaModelManager::getJavaModel (5 bytes)
Event: 53.421 Thread 0x0000025dedf765c0 nmethod 10273 0x0000025d8823b510 code [0x0000025d8823b6a0, 0x0000025d8823b768]
Event: 53.421 Thread 0x0000025dfd8e7fc0 10270       4       org.eclipse.jdt.internal.core.JavaModelCache::getInfo (156 bytes)
Event: 53.433 Thread 0x0000025dedf26a40 nmethod 10265 0x0000025d8823b810 code [0x0000025d8823bb40, 0x0000025d8823d320]
Event: 53.434 Thread 0x0000025dedf26a40 10272   !   4       org.eclipse.jdt.internal.core.Openable::exists (119 bytes)
Event: 53.481 Thread 0x0000025dfd8e7fc0 nmethod 10270 0x0000025d8823df90 code [0x0000025d8823e260, 0x0000025d8823f460]
Event: 53.481 Thread 0x0000025dfd8e7fc0 10274       4       org.eclipse.jdt.internal.core.JarPackageFragmentRoot::getUnderlyingResource (26 bytes)
Event: 53.504 Thread 0x0000025dedf765c0 10279       3       org.eclipse.jdt.internal.core.PackageFragmentRoot::equals (58 bytes)
Event: 53.507 Thread 0x0000025dedf765c0 nmethod 10279 0x0000025d81536c10 code [0x0000025d81536ee0, 0x0000025d81538410]
Event: 53.533 Thread 0x0000025dedf765c0 10280       3       org.eclipse.jdt.internal.core.PackageFragmentRoot::getUnderlyingResource (17 bytes)
Event: 53.535 Thread 0x0000025dedf765c0 nmethod 10280 0x0000025d81538810 code [0x0000025d81538a80, 0x0000025d81539720]
Event: 53.546 Thread 0x0000025dedf765c0 10281       1       org.eclipse.jdt.internal.core.JavaProject::getElementType (2 bytes)
Event: 53.547 Thread 0x0000025dedf765c0 nmethod 10281 0x0000025d8823fd90 code [0x0000025d8823ff20, 0x0000025d8823ffe8]
Event: 53.552 Thread 0x0000025dedf765c0 10282       3       org.eclipse.jdt.internal.core.JavaProject::equals (38 bytes)
Event: 53.553 Thread 0x0000025dedf765c0 nmethod 10282 0x0000025d81539a10 code [0x0000025d81539be0, 0x0000025d8153a138]

GC Heap History (20 events):
Event: 53.077 GC heap before
{Heap before GC invocations=142 (full 2):
 PSYoungGen      total 4096K, used 3904K [0x00000000d5580000, 0x00000000d5a80000, 0x0000000100000000)
  eden space 3584K, 100% used [0x00000000d5580000,0x00000000d5900000,0x00000000d5900000)
  from space 512K, 62% used [0x00000000d5980000,0x00000000d59d0000,0x00000000d5a00000)
  to   space 512K, 0% used [0x00000000d5a00000,0x00000000d5a00000,0x00000000d5a80000)
 ParOldGen       total 166400K, used 166181K [0x0000000080000000, 0x000000008a280000, 0x00000000d5580000)
  object space 166400K, 99% used [0x0000000080000000,0x000000008a2495c8,0x000000008a280000)
 Metaspace       used 54448K, committed 55808K, reserved 1114112K
  class space    used 5768K, committed 6400K, reserved 1048576K
}
Event: 53.081 GC heap after
{Heap after GC invocations=142 (full 2):
 PSYoungGen      total 4096K, used 512K [0x00000000d5580000, 0x00000000d5b00000, 0x0000000100000000)
  eden space 3584K, 0% used [0x00000000d5580000,0x00000000d5580000,0x00000000d5900000)
  from space 512K, 100% used [0x00000000d5a00000,0x00000000d5a80000,0x00000000d5a80000)
  to   space 1024K, 0% used [0x00000000d5900000,0x00000000d5900000,0x00000000d5a00000)
 ParOldGen       total 166912K, used 166492K [0x0000000080000000, 0x000000008a300000, 0x00000000d5580000)
  object space 166912K, 99% used [0x0000000080000000,0x000000008a297250,0x000000008a300000)
 Metaspace       used 54448K, committed 55808K, reserved 1114112K
  class space    used 5768K, committed 6400K, reserved 1048576K
}
Event: 53.122 GC heap before
{Heap before GC invocations=143 (full 2):
 PSYoungGen      total 4096K, used 4096K [0x00000000d5580000, 0x00000000d5b00000, 0x0000000100000000)
  eden space 3584K, 100% used [0x00000000d5580000,0x00000000d5900000,0x00000000d5900000)
  from space 512K, 100% used [0x00000000d5a00000,0x00000000d5a80000,0x00000000d5a80000)
  to   space 1024K, 0% used [0x00000000d5900000,0x00000000d5900000,0x00000000d5a00000)
 ParOldGen       total 166912K, used 166492K [0x0000000080000000, 0x000000008a300000, 0x00000000d5580000)
  object space 166912K, 99% used [0x0000000080000000,0x000000008a297250,0x000000008a300000)
 Metaspace       used 54448K, committed 55808K, reserved 1114112K
  class space    used 5768K, committed 6400K, reserved 1048576K
}
Event: 53.124 GC heap after
{Heap after GC invocations=143 (full 2):
 PSYoungGen      total 4608K, used 545K [0x00000000d5580000, 0x00000000d5b00000, 0x0000000100000000)
  eden space 3584K, 0% used [0x00000000d5580000,0x00000000d5580000,0x00000000d5900000)
  from space 1024K, 53% used [0x00000000d5900000,0x00000000d5988648,0x00000000d5a00000)
  to   space 1024K, 0% used [0x00000000d5a00000,0x00000000d5a00000,0x00000000d5b00000)
 ParOldGen       total 167424K, used 166970K [0x0000000080000000, 0x000000008a380000, 0x00000000d5580000)
  object space 167424K, 99% used [0x0000000080000000,0x000000008a30ebd8,0x000000008a380000)
 Metaspace       used 54448K, committed 55808K, reserved 1114112K
  class space    used 5768K, committed 6400K, reserved 1048576K
}
Event: 53.166 GC heap before
{Heap before GC invocations=144 (full 2):
 PSYoungGen      total 4608K, used 4123K [0x00000000d5580000, 0x00000000d5b00000, 0x0000000100000000)
  eden space 3584K, 99% used [0x00000000d5580000,0x00000000d58fe6f0,0x00000000d5900000)
  from space 1024K, 53% used [0x00000000d5900000,0x00000000d5988648,0x00000000d5a00000)
  to   space 1024K, 0% used [0x00000000d5a00000,0x00000000d5a00000,0x00000000d5b00000)
 ParOldGen       total 167424K, used 166970K [0x0000000080000000, 0x000000008a380000, 0x00000000d5580000)
  object space 167424K, 99% used [0x0000000080000000,0x000000008a30ebd8,0x000000008a380000)
 Metaspace       used 54448K, committed 55808K, reserved 1114112K
  class space    used 5768K, committed 6400K, reserved 1048576K
}
Event: 53.169 GC heap after
{Heap after GC invocations=144 (full 2):
 PSYoungGen      total 4096K, used 448K [0x00000000d5580000, 0x00000000d5a80000, 0x0000000100000000)
  eden space 3584K, 0% used [0x00000000d5580000,0x00000000d5580000,0x00000000d5900000)
  from space 512K, 87% used [0x00000000d5a00000,0x00000000d5a70000,0x00000000d5a80000)
  to   space 512K, 0% used [0x00000000d5980000,0x00000000d5980000,0x00000000d5a00000)
 ParOldGen       total 167936K, used 167433K [0x0000000080000000, 0x000000008a400000, 0x00000000d5580000)
  object space 167936K, 99% used [0x0000000080000000,0x000000008a3824a8,0x000000008a400000)
 Metaspace       used 54448K, committed 55808K, reserved 1114112K
  class space    used 5768K, committed 6400K, reserved 1048576K
}
Event: 53.195 GC heap before
{Heap before GC invocations=145 (full 2):
 PSYoungGen      total 4096K, used 4029K [0x00000000d5580000, 0x00000000d5a80000, 0x0000000100000000)
  eden space 3584K, 99% used [0x00000000d5580000,0x00000000d58ff5d8,0x00000000d5900000)
  from space 512K, 87% used [0x00000000d5a00000,0x00000000d5a70000,0x00000000d5a80000)
  to   space 512K, 0% used [0x00000000d5980000,0x00000000d5980000,0x00000000d5a00000)
 ParOldGen       total 167936K, used 167433K [0x0000000080000000, 0x000000008a400000, 0x00000000d5580000)
  object space 167936K, 99% used [0x0000000080000000,0x000000008a3824a8,0x000000008a400000)
 Metaspace       used 54450K, committed 55808K, reserved 1114112K
  class space    used 5768K, committed 6400K, reserved 1048576K
}
Event: 53.197 GC heap after
{Heap after GC invocations=145 (full 2):
 PSYoungGen      total 4096K, used 387K [0x00000000d5580000, 0x00000000d5a80000, 0x0000000100000000)
  eden space 3584K, 0% used [0x00000000d5580000,0x00000000d5580000,0x00000000d5900000)
  from space 512K, 75% used [0x00000000d5980000,0x00000000d59e0f80,0x00000000d5a00000)
  to   space 512K, 0% used [0x00000000d5a00000,0x00000000d5a00000,0x00000000d5a80000)
 ParOldGen       total 167936K, used 167794K [0x0000000080000000, 0x000000008a400000, 0x00000000d5580000)
  object space 167936K, 99% used [0x0000000080000000,0x000000008a3dca70,0x000000008a400000)
 Metaspace       used 54450K, committed 55808K, reserved 1114112K
  class space    used 5768K, committed 6400K, reserved 1048576K
}
Event: 53.234 GC heap before
{Heap before GC invocations=146 (full 2):
 PSYoungGen      total 4096K, used 3970K [0x00000000d5580000, 0x00000000d5a80000, 0x0000000100000000)
  eden space 3584K, 99% used [0x00000000d5580000,0x00000000d58ff930,0x00000000d5900000)
  from space 512K, 75% used [0x00000000d5980000,0x00000000d59e0f80,0x00000000d5a00000)
  to   space 512K, 0% used [0x00000000d5a00000,0x00000000d5a00000,0x00000000d5a80000)
 ParOldGen       total 167936K, used 167794K [0x0000000080000000, 0x000000008a400000, 0x00000000d5580000)
  object space 167936K, 99% used [0x0000000080000000,0x000000008a3dca70,0x000000008a400000)
 Metaspace       used 54452K, committed 55808K, reserved 1114112K
  class space    used 5768K, committed 6400K, reserved 1048576K
}
Event: 53.237 GC heap after
{Heap after GC invocations=146 (full 2):
 PSYoungGen      total 4096K, used 495K [0x00000000d5580000, 0x00000000d5b00000, 0x0000000100000000)
  eden space 3584K, 0% used [0x00000000d5580000,0x00000000d5580000,0x00000000d5900000)
  from space 512K, 96% used [0x00000000d5a00000,0x00000000d5a7bd30,0x00000000d5a80000)
  to   space 1024K, 0% used [0x00000000d5900000,0x00000000d5900000,0x00000000d5a00000)
 ParOldGen       total 168448K, used 168129K [0x0000000080000000, 0x000000008a480000, 0x00000000d5580000)
  object space 168448K, 99% used [0x0000000080000000,0x000000008a430708,0x000000008a480000)
 Metaspace       used 54452K, committed 55808K, reserved 1114112K
  class space    used 5768K, committed 6400K, reserved 1048576K
}
Event: 53.270 GC heap before
{Heap before GC invocations=147 (full 2):
 PSYoungGen      total 4096K, used 4079K [0x00000000d5580000, 0x00000000d5b00000, 0x0000000100000000)
  eden space 3584K, 100% used [0x00000000d5580000,0x00000000d5900000,0x00000000d5900000)
  from space 512K, 96% used [0x00000000d5a00000,0x00000000d5a7bd30,0x00000000d5a80000)
  to   space 1024K, 0% used [0x00000000d5900000,0x00000000d5900000,0x00000000d5a00000)
 ParOldGen       total 168448K, used 168129K [0x0000000080000000, 0x000000008a480000, 0x00000000d5580000)
  object space 168448K, 99% used [0x0000000080000000,0x000000008a430708,0x000000008a480000)
 Metaspace       used 54452K, committed 55808K, reserved 1114112K
  class space    used 5768K, committed 6400K, reserved 1048576K
}
Event: 53.271 GC heap after
{Heap after GC invocations=147 (full 2):
 PSYoungGen      total 4608K, used 432K [0x00000000d5580000, 0x00000000d5b00000, 0x0000000100000000)
  eden space 3584K, 0% used [0x00000000d5580000,0x00000000d5580000,0x00000000d5900000)
  from space 1024K, 42% used [0x00000000d5900000,0x00000000d596c3d8,0x00000000d5a00000)
  to   space 1024K, 0% used [0x00000000d5a00000,0x00000000d5a00000,0x00000000d5b00000)
 ParOldGen       total 168960K, used 168614K [0x0000000080000000, 0x000000008a500000, 0x00000000d5580000)
  object space 168960K, 99% used [0x0000000080000000,0x000000008a4a9bc8,0x000000008a500000)
 Metaspace       used 54452K, committed 55808K, reserved 1114112K
  class space    used 5768K, committed 6400K, reserved 1048576K
}
Event: 53.307 GC heap before
{Heap before GC invocations=148 (full 2):
 PSYoungGen      total 4608K, used 4016K [0x00000000d5580000, 0x00000000d5b00000, 0x0000000100000000)
  eden space 3584K, 100% used [0x00000000d5580000,0x00000000d5900000,0x00000000d5900000)
  from space 1024K, 42% used [0x00000000d5900000,0x00000000d596c3d8,0x00000000d5a00000)
  to   space 1024K, 0% used [0x00000000d5a00000,0x00000000d5a00000,0x00000000d5b00000)
 ParOldGen       total 168960K, used 168614K [0x0000000080000000, 0x000000008a500000, 0x00000000d5580000)
  object space 168960K, 99% used [0x0000000080000000,0x000000008a4a9bc8,0x000000008a500000)
 Metaspace       used 54452K, committed 55808K, reserved 1114112K
  class space    used 5768K, committed 6400K, reserved 1048576K
}
Event: 53.310 GC heap after
{Heap after GC invocations=148 (full 2):
 PSYoungGen      total 4096K, used 383K [0x00000000d5580000, 0x00000000d5a80000, 0x0000000100000000)
  eden space 3584K, 0% used [0x00000000d5580000,0x00000000d5580000,0x00000000d5900000)
  from space 512K, 74% used [0x00000000d5a00000,0x00000000d5a5ffb8,0x00000000d5a80000)
  to   space 512K, 0% used [0x00000000d5980000,0x00000000d5980000,0x00000000d5a00000)
 ParOldGen       total 169472K, used 168996K [0x0000000080000000, 0x000000008a580000, 0x00000000d5580000)
  object space 169472K, 99% used [0x0000000080000000,0x000000008a509280,0x000000008a580000)
 Metaspace       used 54452K, committed 55808K, reserved 1114112K
  class space    used 5768K, committed 6400K, reserved 1048576K
}
Event: 53.338 GC heap before
{Heap before GC invocations=149 (full 2):
 PSYoungGen      total 4096K, used 3967K [0x00000000d5580000, 0x00000000d5a80000, 0x0000000100000000)
  eden space 3584K, 100% used [0x00000000d5580000,0x00000000d5900000,0x00000000d5900000)
  from space 512K, 74% used [0x00000000d5a00000,0x00000000d5a5ffb8,0x00000000d5a80000)
  to   space 512K, 0% used [0x00000000d5980000,0x00000000d5980000,0x00000000d5a00000)
 ParOldGen       total 169472K, used 168996K [0x0000000080000000, 0x000000008a580000, 0x00000000d5580000)
  object space 169472K, 99% used [0x0000000080000000,0x000000008a509280,0x000000008a580000)
 Metaspace       used 54454K, committed 55808K, reserved 1114112K
  class space    used 5768K, committed 6400K, reserved 1048576K
}
Event: 53.341 GC heap after
{Heap after GC invocations=149 (full 2):
 PSYoungGen      total 4096K, used 504K [0x00000000d5580000, 0x00000000d5c00000, 0x0000000100000000)
  eden space 3584K, 0% used [0x00000000d5580000,0x00000000d5580000,0x00000000d5900000)
  from space 512K, 98% used [0x00000000d5980000,0x00000000d59fe048,0x00000000d5a00000)
  to   space 1536K, 0% used [0x00000000d5a80000,0x00000000d5a80000,0x00000000d5c00000)
 ParOldGen       total 169984K, used 169494K [0x0000000080000000, 0x000000008a600000, 0x00000000d5580000)
  object space 169984K, 99% used [0x0000000080000000,0x000000008a5858b0,0x000000008a600000)
 Metaspace       used 54454K, committed 55808K, reserved 1114112K
  class space    used 5768K, committed 6400K, reserved 1048576K
}
Event: 53.395 GC heap before
{Heap before GC invocations=150 (full 2):
 PSYoungGen      total 4096K, used 4088K [0x00000000d5580000, 0x00000000d5c00000, 0x0000000100000000)
  eden space 3584K, 100% used [0x00000000d5580000,0x00000000d5900000,0x00000000d5900000)
  from space 512K, 98% used [0x00000000d5980000,0x00000000d59fe048,0x00000000d5a00000)
  to   space 1536K, 0% used [0x00000000d5a80000,0x00000000d5a80000,0x00000000d5c00000)
 ParOldGen       total 169984K, used 169494K [0x0000000080000000, 0x000000008a600000, 0x00000000d5580000)
  object space 169984K, 99% used [0x0000000080000000,0x000000008a5858b0,0x000000008a600000)
 Metaspace       used 54473K, committed 55872K, reserved 1114112K
  class space    used 5768K, committed 6400K, reserved 1048576K
}
Event: 53.397 GC heap after
{Heap after GC invocations=150 (full 2):
 PSYoungGen      total 4096K, used 419K [0x00000000d5580000, 0x00000000d5b00000, 0x0000000100000000)
  eden space 3584K, 0% used [0x00000000d5580000,0x00000000d5580000,0x00000000d5900000)
  from space 512K, 81% used [0x00000000d5a80000,0x00000000d5ae8ce0,0x00000000d5b00000)
  to   space 1024K, 0% used [0x00000000d5900000,0x00000000d5900000,0x00000000d5a00000)
 ParOldGen       total 170496K, used 169987K [0x0000000080000000, 0x000000008a680000, 0x00000000d5580000)
  object space 170496K, 99% used [0x0000000080000000,0x000000008a600f48,0x000000008a680000)
 Metaspace       used 54473K, committed 55872K, reserved 1114112K
  class space    used 5768K, committed 6400K, reserved 1048576K
}
Event: 53.475 GC heap before
{Heap before GC invocations=151 (full 2):
 PSYoungGen      total 4096K, used 4003K [0x00000000d5580000, 0x00000000d5b00000, 0x0000000100000000)
  eden space 3584K, 100% used [0x00000000d5580000,0x00000000d5900000,0x00000000d5900000)
  from space 512K, 81% used [0x00000000d5a80000,0x00000000d5ae8ce0,0x00000000d5b00000)
  to   space 1024K, 0% used [0x00000000d5900000,0x00000000d5900000,0x00000000d5a00000)
 ParOldGen       total 170496K, used 169987K [0x0000000080000000, 0x000000008a680000, 0x00000000d5580000)
  object space 170496K, 99% used [0x0000000080000000,0x000000008a600f48,0x000000008a680000)
 Metaspace       used 54473K, committed 55872K, reserved 1114112K
  class space    used 5768K, committed 6400K, reserved 1048576K
}
Event: 53.478 GC heap after
{Heap after GC invocations=151 (full 2):
 PSYoungGen      total 4608K, used 576K [0x00000000d5580000, 0x00000000d5b00000, 0x0000000100000000)
  eden space 3584K, 0% used [0x00000000d5580000,0x00000000d5580000,0x00000000d5900000)
  from space 1024K, 56% used [0x00000000d5900000,0x00000000d5990010,0x00000000d5a00000)
  to   space 1024K, 0% used [0x00000000d5a00000,0x00000000d5a00000,0x00000000d5b00000)
 ParOldGen       total 170496K, used 170316K [0x0000000080000000, 0x000000008a680000, 0x00000000d5580000)
  object space 170496K, 99% used [0x0000000080000000,0x000000008a6533d0,0x000000008a680000)
 Metaspace       used 54473K, committed 55872K, reserved 1114112K
  class space    used 5768K, committed 6400K, reserved 1048576K
}

Dll operation events (10 events):
Event: 0.062 Loaded shared library c:\Users\riote\.vscode\extensions\redhat.java-1.50.0-win32-x64\jre\21.0.9-win32-x86_64\bin\java.dll
Event: 0.836 Loaded shared library c:\Users\riote\.vscode\extensions\redhat.java-1.50.0-win32-x64\jre\21.0.9-win32-x86_64\bin\zip.dll
Event: 1.054 Loaded shared library C:\Users\riote\.vscode\extensions\redhat.java-1.50.0-win32-x64\jre\21.0.9-win32-x86_64\bin\instrument.dll
Event: 1.086 Loaded shared library C:\Users\riote\.vscode\extensions\redhat.java-1.50.0-win32-x64\jre\21.0.9-win32-x86_64\bin\net.dll
Event: 1.116 Loaded shared library C:\Users\riote\.vscode\extensions\redhat.java-1.50.0-win32-x64\jre\21.0.9-win32-x86_64\bin\nio.dll
Event: 1.130 Loaded shared library C:\Users\riote\.vscode\extensions\redhat.java-1.50.0-win32-x64\jre\21.0.9-win32-x86_64\bin\zip.dll
Event: 1.231 Loaded shared library C:\Users\riote\.vscode\extensions\redhat.java-1.50.0-win32-x64\jre\21.0.9-win32-x86_64\bin\jimage.dll
Event: 1.517 Loaded shared library c:\Users\riote\.vscode\extensions\redhat.java-1.50.0-win32-x64\jre\21.0.9-win32-x86_64\bin\verify.dll
Event: 6.169 Loaded shared library C:\Users\riote\AppData\Roaming\Code\User\globalStorage\redhat.java\1.50.0\config_win\org.eclipse.equinox.launcher\org.eclipse.equinox.launcher.win32.win32.x86_64_1.2.1400.v20250801-0854\eclipse_11916.dll
Event: 10.853 Loaded shared library C:\Users\riote\AppData\Local\Temp\jna-108519817\jna4962782393232840129.dll

Deoptimization events (20 events):
Event: 50.987 Thread 0x0000025dfb335c80 Uncommon trap: trap_request=0xffffff45 fr.pc=0x0000025d8811a578 relative=0x0000000000000fb8
Event: 50.987 Thread 0x0000025dfb335c80 Uncommon trap: reason=unstable_if action=reinterpret pc=0x0000025d8811a578 method=org.eclipse.jdt.internal.compiler.classfmt.MethodInfo.createMethod([B[IIJ)Lorg/eclipse/jdt/internal/compiler/classfmt/MethodInfo; @ 217 c2
Event: 50.987 Thread 0x0000025dfb335c80 DEOPT PACKING pc=0x0000025d8811a578 sp=0x000000c1be0fe950
Event: 50.987 Thread 0x0000025dfb335c80 DEOPT UNPACKING pc=0x0000025d87586da2 sp=0x000000c1be0fe890 mode 2
Event: 51.388 Thread 0x0000025dfb335c80 Uncommon trap: trap_request=0xffffff6e fr.pc=0x0000025d8820765c relative=0x000000000000019c
Event: 51.388 Thread 0x0000025dfb335c80 Uncommon trap: reason=loop_limit_check action=maybe_recompile pc=0x0000025d8820765c method=org.eclipse.jdt.internal.core.util.HashSetOfArray.hashCode([Ljava/lang/Object;I)I @ 27 c2
Event: 51.388 Thread 0x0000025dfb335c80 DEOPT PACKING pc=0x0000025d8820765c sp=0x000000c1be0fece0
Event: 51.388 Thread 0x0000025dfb335c80 DEOPT UNPACKING pc=0x0000025d87586da2 sp=0x000000c1be0fec68 mode 2
Event: 51.446 Thread 0x0000025dfb335c80 Uncommon trap: trap_request=0xffffff45 fr.pc=0x0000025d88206a74 relative=0x00000000000006f4
Event: 51.446 Thread 0x0000025dfb335c80 Uncommon trap: reason=unstable_if action=reinterpret pc=0x0000025d88206a74 method=org.eclipse.jdt.internal.compiler.impl.CompilerOptions.versionFromJdkLevel(J)Ljava/lang/String; @ 7 c2
Event: 51.446 Thread 0x0000025dfb335c80 DEOPT PACKING pc=0x0000025d88206a74 sp=0x000000c1be0fec10
Event: 51.446 Thread 0x0000025dfb335c80 DEOPT UNPACKING pc=0x0000025d87586da2 sp=0x000000c1be0febc8 mode 2
Event: 51.504 Thread 0x0000025dfb335c80 Uncommon trap: trap_request=0xffffff45 fr.pc=0x0000025d881f62cc relative=0x0000000000000f8c
Event: 51.504 Thread 0x0000025dfb335c80 Uncommon trap: reason=unstable_if action=reinterpret pc=0x0000025d881f62cc method=org.eclipse.jdt.internal.core.util.WeakHashSet.cleanupGarbageCollectedValues()V @ 128 c2
Event: 51.504 Thread 0x0000025dfb335c80 DEOPT PACKING pc=0x0000025d881f62cc sp=0x000000c1be0feaa0
Event: 51.504 Thread 0x0000025dfb335c80 DEOPT UNPACKING pc=0x0000025d87586da2 sp=0x000000c1be0fe9a8 mode 2
Event: 51.561 Thread 0x0000025dfb335c80 Uncommon trap: trap_request=0xffffff45 fr.pc=0x0000025d88200620 relative=0x0000000000004940
Event: 51.561 Thread 0x0000025dfb335c80 Uncommon trap: reason=unstable_if action=reinterpret pc=0x0000025d88200620 method=org.eclipse.jdt.internal.compiler.impl.CompilerOptions.versionToJdkLevel(Ljava/lang/String;Z)J @ 46 c2
Event: 51.561 Thread 0x0000025dfb335c80 DEOPT PACKING pc=0x0000025d88200620 sp=0x000000c1be0feb70
Event: 51.561 Thread 0x0000025dfb335c80 DEOPT UNPACKING pc=0x0000025d87586da2 sp=0x000000c1be0fe8b8 mode 2

Classes loaded (20 events):
Event: 31.402 Loading class java/nio/file/PathMatcher done
Event: 31.402 Loading class sun/nio/fs/WindowsFileSystem$2 done
Event: 32.422 Loading class java/util/Collections$SynchronizedRandomAccessList
Event: 32.422 Loading class java/util/Collections$SynchronizedList
Event: 32.423 Loading class java/util/Collections$SynchronizedList done
Event: 32.423 Loading class java/util/Collections$SynchronizedRandomAccessList done
Event: 32.431 Loading class java/util/concurrent/CompletableFuture$Signaller
Event: 32.433 Loading class java/util/concurrent/CompletableFuture$Signaller done
Event: 33.039 Loading class java/util/Hashtable$KeySet
Event: 33.039 Loading class java/util/Hashtable$KeySet done
Event: 36.861 Loading class sun/nio/cs/ISO_8859_1$Encoder
Event: 36.866 Loading class sun/nio/cs/ISO_8859_1$Encoder done
Event: 36.867 Loading class sun/nio/cs/Surrogate$Parser
Event: 36.867 Loading class sun/nio/cs/Surrogate$Parser done
Event: 36.867 Loading class sun/nio/cs/Surrogate
Event: 36.867 Loading class sun/nio/cs/Surrogate done
Event: 44.320 Loading class sun/nio/cs/ISO_8859_1$Decoder
Event: 44.320 Loading class sun/nio/cs/ISO_8859_1$Decoder done
Event: 49.613 Loading class java/lang/invoke/MethodHandleImpl$CountingWrapper$1
Event: 49.613 Loading class java/lang/invoke/MethodHandleImpl$CountingWrapper$1 done

Classes unloaded (7 events):
Event: 13.423 Thread 0x0000025dee0ce990 Unloading class 0x0000025d901ac800 'java/lang/invoke/LambdaForm$MH+0x0000025d901ac800'
Event: 13.423 Thread 0x0000025dee0ce990 Unloading class 0x0000025d901ac400 'java/lang/invoke/LambdaForm$MH+0x0000025d901ac400'
Event: 13.423 Thread 0x0000025dee0ce990 Unloading class 0x0000025d901ac000 'java/lang/invoke/LambdaForm$MH+0x0000025d901ac000'
Event: 13.423 Thread 0x0000025dee0ce990 Unloading class 0x0000025d901abc00 'java/lang/invoke/LambdaForm$MH+0x0000025d901abc00'
Event: 13.423 Thread 0x0000025dee0ce990 Unloading class 0x0000025d901ab800 'java/lang/invoke/LambdaForm$BMH+0x0000025d901ab800'
Event: 13.423 Thread 0x0000025dee0ce990 Unloading class 0x0000025d901ab400 'java/lang/invoke/LambdaForm$DMH+0x0000025d901ab400'
Event: 13.423 Thread 0x0000025dee0ce990 Unloading class 0x0000025d901aa000 'java/lang/invoke/LambdaForm$DMH+0x0000025d901aa000'

Classes redefined (0 events):
No events

Internal exceptions (20 events):
Event: 33.122 Thread 0x0000025dfb335c80 Exception <a 'sun/nio/fs/WindowsException'{0x00000000d5779418}> (0x00000000d5779418) 
thrown [s\src\hotspot\share\prims\jni.cpp, line 520]
Event: 33.122 Thread 0x0000025dfb335c80 Exception <a 'sun/nio/fs/WindowsException'{0x00000000d5779cc0}> (0x00000000d5779cc0) 
thrown [s\src\hotspot\share\prims\jni.cpp, line 520]
Event: 33.127 Thread 0x0000025dfb335c80 Exception <a 'sun/nio/fs/WindowsException'{0x00000000d577afa0}> (0x00000000d577afa0) 
thrown [s\src\hotspot\share\prims\jni.cpp, line 520]
Event: 33.128 Thread 0x0000025dfb335c80 Exception <a 'sun/nio/fs/WindowsException'{0x00000000d577b848}> (0x00000000d577b848) 
thrown [s\src\hotspot\share\prims\jni.cpp, line 520]
Event: 33.143 Thread 0x0000025dfb335c80 Exception <a 'java/io/FileNotFoundException'{0x00000000d57dedb0}> (0x00000000d57dedb0) 
thrown [s\src\hotspot\share\prims\jni.cpp, line 520]
Event: 33.145 Thread 0x0000025dfb335c80 Exception <a 'java/io/FileNotFoundException'{0x00000000d57dfb30}> (0x00000000d57dfb30) 
thrown [s\src\hotspot\share\prims\jni.cpp, line 520]
Event: 33.167 Thread 0x0000025dfb335c80 Exception <a 'sun/nio/fs/WindowsException'{0x00000000d5865040}> (0x00000000d5865040) 
thrown [s\src\hotspot\share\prims\jni.cpp, line 520]
Event: 33.167 Thread 0x0000025dfb335c80 Exception <a 'sun/nio/fs/WindowsException'{0x00000000d58658e8}> (0x00000000d58658e8) 
thrown [s\src\hotspot\share\prims\jni.cpp, line 520]
Event: 34.299 Thread 0x0000025dfb335c80 Exception <a 'java/lang/NoSuchMethodError'{0x00000000d6692170}: 'void java.lang.invoke.DirectMethodHandle$Holder.invokeStatic(java.lang.Object, java.lang.Object, java.lang.Object, int)'> (0x00000000d6692170) 
thrown [s\src\hotspot\share\interpreter\linkResolver.cpp, line 773]
Event: 34.346 Thread 0x0000025dfb335c80 Exception <a 'java/lang/NoSuchMethodError'{0x00000000d6736d78}: 'void java.lang.invoke.DirectMethodHandle$Holder.invokeVirtual(java.lang.Object, java.lang.Object, int)'> (0x00000000d6736d78) 
thrown [s\src\hotspot\share\interpreter\linkResolver.cpp, line 773]
Event: 35.755 Thread 0x0000025dfcf527a0 Implicit null exception at 0x0000025d87f1d4e9 to 0x0000025d87f1d6bc
Event: 39.963 Thread 0x0000025dfcf527a0 Implicit null exception at 0x0000025d880216ef to 0x0000025d88025560
Event: 42.302 Thread 0x0000025dfb335c80 Exception <a 'java/lang/NoSuchMethodError'{0x00000000d6531948}: 'void java.lang.invoke.DirectMethodHandle$Holder.invokeInterface(java.lang.Object, java.lang.Object)'> (0x00000000d6531948) 
thrown [s\src\hotspot\share\interpreter\linkResolver.cpp, line 773]
Event: 42.703 Thread 0x0000025dfcf55590 Implicit null exception at 0x0000025d88069d50 to 0x0000025d8806a12c
Event: 43.837 Thread 0x0000025dfcf51a80 Implicit null exception at 0x0000025d880e5b0c to 0x0000025d880e5c44
Event: 43.849 Thread 0x0000025dfcf56940 Implicit null exception at 0x0000025d880e14c8 to 0x0000025d880e1b1c
Event: 45.183 Thread 0x0000025dfb335c80 Implicit null exception at 0x0000025d880f54af to 0x0000025d880f5664
Event: 45.184 Thread 0x0000025dfb335c80 Implicit null exception at 0x0000025d880ec72b to 0x0000025d880ec8e4
Event: 46.250 Thread 0x0000025dfb335c80 Exception <a 'sun/nio/fs/WindowsException'{0x00000000d596c350}> (0x00000000d596c350) 
thrown [s\src\hotspot\share\prims\jni.cpp, line 520]
Event: 46.251 Thread 0x0000025dfb335c80 Exception <a 'sun/nio/fs/WindowsException'{0x00000000d596ce88}> (0x00000000d596ce88) 
thrown [s\src\hotspot\share\prims\jni.cpp, line 520]

ZGC Phase Switch (0 events):
No events

VM Operations (20 events):
Event: 53.081 Executing VM operation: ParallelGCFailedAllocation (Allocation Failure) done
Event: 53.121 Executing VM operation: ParallelGCFailedAllocation (Allocation Failure)
Event: 53.124 Executing VM operation: ParallelGCFailedAllocation (Allocation Failure) done
Event: 53.148 Executing VM operation: ParallelGCFailedAllocation (Allocation Failure)
Event: 53.169 Executing VM operation: ParallelGCFailedAllocation (Allocation Failure) done
Event: 53.194 Executing VM operation: ParallelGCFailedAllocation (Allocation Failure)
Event: 53.197 Executing VM operation: ParallelGCFailedAllocation (Allocation Failure) done
Event: 53.234 Executing VM operation: ParallelGCFailedAllocation (Allocation Failure)
Event: 53.237 Executing VM operation: ParallelGCFailedAllocation (Allocation Failure) done
Event: 53.269 Executing VM operation: ParallelGCFailedAllocation (Allocation Failure)
Event: 53.271 Executing VM operation: ParallelGCFailedAllocation (Allocation Failure) done
Event: 53.289 Executing VM operation: ParallelGCFailedAllocation (Allocation Failure)
Event: 53.310 Executing VM operation: ParallelGCFailedAllocation (Allocation Failure) done
Event: 53.338 Executing VM operation: ParallelGCFailedAllocation (Allocation Failure)
Event: 53.341 Executing VM operation: ParallelGCFailedAllocation (Allocation Failure) done
Event: 53.395 Executing VM operation: ParallelGCFailedAllocation (Allocation Failure)
Event: 53.397 Executing VM operation: ParallelGCFailedAllocation (Allocation Failure) done
Event: 53.455 Executing VM operation: ParallelGCFailedAllocation (Allocation Failure)
Event: 53.478 Executing VM operation: ParallelGCFailedAllocation (Allocation Failure) done
Event: 53.618 Executing VM operation: ParallelGCFailedAllocation (Allocation Failure)

Memory protections (0 events):
No events

Nmethod flushes (20 events):
Event: 20.580 Thread 0x0000025dee0ce990 flushing  nmethod 0x0000025d80656610
Event: 20.580 Thread 0x0000025dee0ce990 flushing  nmethod 0x0000025d80657810
Event: 20.580 Thread 0x0000025dee0ce990 flushing  nmethod 0x0000025d80659090
Event: 20.580 Thread 0x0000025dee0ce990 flushing  nmethod 0x0000025d8065ad90
Event: 20.580 Thread 0x0000025dee0ce990 flushing  nmethod 0x0000025d8065b290
Event: 20.580 Thread 0x0000025dee0ce990 flushing  nmethod 0x0000025d8065c710
Event: 20.580 Thread 0x0000025dee0ce990 flushing  nmethod 0x0000025d8065cf90
Event: 20.580 Thread 0x0000025dee0ce990 flushing  nmethod 0x0000025d8065ea10
Event: 20.580 Thread 0x0000025dee0ce990 flushing  nmethod 0x0000025d80669490
Event: 20.580 Thread 0x0000025dee0ce990 flushing  nmethod 0x0000025d806b4410
Event: 20.580 Thread 0x0000025dee0ce990 flushing  nmethod 0x0000025d806b8910
Event: 20.580 Thread 0x0000025dee0ce990 flushing  nmethod 0x0000025d806bae90
Event: 20.580 Thread 0x0000025dee0ce990 flushing  nmethod 0x0000025d806bf610
Event: 20.580 Thread 0x0000025dee0ce990 flushing  nmethod 0x0000025d806cd210
Event: 20.580 Thread 0x0000025dee0ce990 flushing  nmethod 0x0000025d8070a610
Event: 20.580 Thread 0x0000025dee0ce990 flushing  nmethod 0x0000025d80724410
Event: 20.580 Thread 0x0000025dee0ce990 flushing  nmethod 0x0000025d8073c490
Event: 20.580 Thread 0x0000025dee0ce990 flushing  nmethod 0x0000025d80743c90
Event: 20.580 Thread 0x0000025dee0ce990 flushing  nmethod 0x0000025d80744110
Event: 20.580 Thread 0x0000025dee0ce990 flushing  nmethod 0x0000025d80762590

Events (20 events):
Event: 42.339 Thread 0x0000025dfb335c80 Thread added: 0x0000025dfcf51a80
Event: 42.343 Thread 0x0000025dfb335c80 Thread added: 0x0000025dfcf55590
Event: 42.343 Thread 0x0000025dfb335c80 Thread added: 0x0000025dfcf55c20
Event: 42.343 Thread 0x0000025dfb335c80 Thread added: 0x0000025dfcf562b0
Event: 42.344 Thread 0x0000025dfb335c80 Thread added: 0x0000025dfcf56940
Event: 43.361 Thread 0x0000025dfdfed7f0 Thread exited: 0x0000025dfdfed7f0
Event: 43.604 Thread 0x0000025dedf765c0 Thread added: 0x0000025dfd8e7fc0
Event: 45.156 Thread 0x0000025dfcf56940 Thread exited: 0x0000025dfcf56940
Event: 45.159 Thread 0x0000025dfcf55c20 Thread exited: 0x0000025dfcf55c20
Event: 45.159 Thread 0x0000025dfcf55590 Thread exited: 0x0000025dfcf55590
Event: 45.159 Thread 0x0000025dfcf562b0 Thread exited: 0x0000025dfcf562b0
Event: 45.164 Thread 0x0000025dfcf51a80 Thread exited: 0x0000025dfcf51a80
Event: 48.288 Thread 0x0000025dfd8e7fc0 Thread exited: 0x0000025dfd8e7fc0
Event: 50.190 Thread 0x0000025dedf765c0 Thread added: 0x0000025dfd8e7fc0
Event: 50.872 Thread 0x0000025dfd8e7fc0 Thread exited: 0x0000025dfd8e7fc0
Event: 51.263 Thread 0x0000025dedf26a40 Thread added: 0x0000025dfd8e7fc0
Event: 51.537 Thread 0x0000025dfd8e7fc0 Thread exited: 0x0000025dfd8e7fc0
Event: 52.163 Thread 0x0000025dedf765c0 Thread added: 0x0000025dfd8e7fc0
Event: 52.620 Thread 0x0000025dfd8e7fc0 Thread exited: 0x0000025dfd8e7fc0
Event: 53.421 Thread 0x0000025dedf765c0 Thread added: 0x0000025dfd8e7fc0


Dynamic libraries:
0x00007ff732ae0000 - 0x00007ff732aee000 	c:\Users\riote\.vscode\extensions\redhat.java-1.50.0-win32-x64\jre\21.0.9-win32-x86_64\bin\java.exe
0x00007ffb112a0000 - 0x00007ffb11507000 	C:\WINDOWS\SYSTEM32\ntdll.dll
0x00007ffb10800000 - 0x00007ffb108c9000 	C:\WINDOWS\System32\KERNEL32.DLL
0x00007ffb0e6e0000 - 0x00007ffb0eacf000 	C:\WINDOWS\System32\KERNELBASE.dll
0x00007ffb0ec10000 - 0x00007ffb0ed5b000 	C:\WINDOWS\System32\ucrtbase.dll
0x00007ffaea0e0000 - 0x00007ffaea0f8000 	c:\Users\riote\.vscode\extensions\redhat.java-1.50.0-win32-x64\jre\21.0.9-win32-x86_64\bin\jli.dll
0x00007ffa982e0000 - 0x00007ffa982fe000 	c:\Users\riote\.vscode\extensions\redhat.java-1.50.0-win32-x64\jre\21.0.9-win32-x86_64\bin\VCRUNTIME140.dll
0x00007ffb10520000 - 0x00007ffb106e5000 	C:\WINDOWS\System32\USER32.dll
0x00007ffb0ef60000 - 0x00007ffb0ef87000 	C:\WINDOWS\System32\win32u.dll
0x00007ffb10920000 - 0x00007ffb1094b000 	C:\WINDOWS\System32\GDI32.dll
0x00007ffb0eae0000 - 0x00007ffb0ec0c000 	C:\WINDOWS\System32\gdi32full.dll
0x00007ffb0ef90000 - 0x00007ffb0f033000 	C:\WINDOWS\System32\msvcp_win.dll
0x00007ffaeec80000 - 0x00007ffaeef13000 	C:\WINDOWS\WinSxS\amd64_microsoft.windows.common-controls_6595b64144ccf1df_6.0.26100.7309_none_3e05feeae336a044\COMCTL32.dll
0x00007ffb10470000 - 0x00007ffb10519000 	C:\WINDOWS\System32\msvcrt.dll
0x00007ffb0f7e0000 - 0x00007ffb0f811000 	C:\WINDOWS\System32\IMM32.DLL
0x00007ffad75e0000 - 0x00007ffad75ec000 	c:\Users\riote\.vscode\extensions\redhat.java-1.50.0-win32-x64\jre\21.0.9-win32-x86_64\bin\vcruntime140_1.dll
0x00007ffa6b5d0000 - 0x00007ffa6b65d000 	c:\Users\riote\.vscode\extensions\redhat.java-1.50.0-win32-x64\jre\21.0.9-win32-x86_64\bin\msvcp140.dll
0x00007ffa42170000 - 0x00007ffa42f10000 	c:\Users\riote\.vscode\extensions\redhat.java-1.50.0-win32-x64\jre\21.0.9-win32-x86_64\bin\server\jvm.dll
0x00007ffb101c0000 - 0x00007ffb10274000 	C:\WINDOWS\System32\ADVAPI32.dll
0x00007ffb106f0000 - 0x00007ffb10796000 	C:\WINDOWS\System32\sechost.dll
0x00007ffb0f550000 - 0x00007ffb0f668000 	C:\WINDOWS\System32\RPCRT4.dll
0x00007ffb0fbe0000 - 0x00007ffb0fc54000 	C:\WINDOWS\System32\WS2_32.dll
0x00007ffb0e250000 - 0x00007ffb0e2ae000 	C:\WINDOWS\SYSTEM32\POWRPROF.dll
0x00007ffb05ee0000 - 0x00007ffb05f15000 	C:\WINDOWS\SYSTEM32\WINMM.dll
0x00007ffafd060000 - 0x00007ffafd06b000 	C:\WINDOWS\SYSTEM32\VERSION.dll
0x00007ffb0e230000 - 0x00007ffb0e244000 	C:\WINDOWS\SYSTEM32\UMPDC.dll
0x00007ffb0d1a0000 - 0x00007ffb0d1bb000 	C:\WINDOWS\SYSTEM32\kernel.appcore.dll
0x00007ffac5bd0000 - 0x00007ffac5bda000 	c:\Users\riote\.vscode\extensions\redhat.java-1.50.0-win32-x64\jre\21.0.9-win32-x86_64\bin\jimage.dll
0x00007ffb0bbc0000 - 0x00007ffb0be02000 	C:\WINDOWS\SYSTEM32\DBGHELP.DLL
0x00007ffb0f820000 - 0x00007ffb0fba6000 	C:\WINDOWS\System32\combase.dll
0x00007ffb0fc60000 - 0x00007ffb0fd36000 	C:\WINDOWS\System32\OLEAUT32.dll
0x00007ffaea9d0000 - 0x00007ffaeaa0c000 	C:\WINDOWS\SYSTEM32\dbgcore.DLL
0x00007ffb0e570000 - 0x00007ffb0e615000 	C:\WINDOWS\System32\bcryptPrimitives.dll
0x00007ffaea1e0000 - 0x00007ffaea1ef000 	c:\Users\riote\.vscode\extensions\redhat.java-1.50.0-win32-x64\jre\21.0.9-win32-x86_64\bin\instrument.dll
0x00007ffa98110000 - 0x00007ffa98130000 	c:\Users\riote\.vscode\extensions\redhat.java-1.50.0-win32-x64\jre\21.0.9-win32-x86_64\bin\java.dll
0x00007ffb10a10000 - 0x00007ffb11163000 	C:\WINDOWS\System32\SHELL32.dll
0x00007ffb0edf0000 - 0x00007ffb0ef5a000 	C:\WINDOWS\System32\wintypes.dll
0x00007ffb0bfd0000 - 0x00007ffb0c82e000 	C:\WINDOWS\SYSTEM32\windows.storage.dll
0x00007ffb100c0000 - 0x00007ffb101b4000 	C:\WINDOWS\System32\SHCORE.dll
0x00007ffb11170000 - 0x00007ffb111d6000 	C:\WINDOWS\System32\shlwapi.dll
0x00007ffb0e310000 - 0x00007ffb0e339000 	C:\WINDOWS\SYSTEM32\profapi.dll
0x00007ffa97c50000 - 0x00007ffa97c68000 	c:\Users\riote\.vscode\extensions\redhat.java-1.50.0-win32-x64\jre\21.0.9-win32-x86_64\bin\zip.dll
0x00007ffac0be0000 - 0x00007ffac0bf0000 	C:\Users\riote\.vscode\extensions\redhat.java-1.50.0-win32-x64\jre\21.0.9-win32-x86_64\bin\net.dll
0x00007ffb07ff0000 - 0x00007ffb08118000 	C:\WINDOWS\SYSTEM32\WINHTTP.dll
0x00007ffb0d710000 - 0x00007ffb0d77b000 	C:\WINDOWS\system32\mswsock.dll
0x00007ffa95560000 - 0x00007ffa95576000 	C:\Users\riote\.vscode\extensions\redhat.java-1.50.0-win32-x64\jre\21.0.9-win32-x86_64\bin\nio.dll
0x00007ffaea1d0000 - 0x00007ffaea1e0000 	c:\Users\riote\.vscode\extensions\redhat.java-1.50.0-win32-x64\jre\21.0.9-win32-x86_64\bin\verify.dll
0x00007ffa98410000 - 0x00007ffa98454000 	C:\Users\riote\AppData\Roaming\Code\User\globalStorage\redhat.java\1.50.0\config_win\org.eclipse.equinox.launcher\org.eclipse.equinox.launcher.win32.win32.x86_64_1.2.1400.v20250801-0854\eclipse_11916.dll
0x00007ffb0fde0000 - 0x00007ffb0ff77000 	C:\WINDOWS\System32\ole32.dll
0x00007ffb0d9d0000 - 0x00007ffb0d9eb000 	C:\WINDOWS\SYSTEM32\CRYPTSP.dll
0x00007ffb0d100000 - 0x00007ffb0d13a000 	C:\WINDOWS\system32\rsaenh.dll
0x00007ffb0d7c0000 - 0x00007ffb0d7eb000 	C:\WINDOWS\SYSTEM32\USERENV.dll
0x00007ffb0e2e0000 - 0x00007ffb0e30a000 	C:\WINDOWS\SYSTEM32\bcrypt.dll
0x00007ffb0d9f0000 - 0x00007ffb0d9fc000 	C:\WINDOWS\SYSTEM32\CRYPTBASE.dll
0x00007ffb0cc10000 - 0x00007ffb0cc44000 	C:\WINDOWS\SYSTEM32\IPHLPAPI.DLL
0x00007ffb0ffb0000 - 0x00007ffb0ffba000 	C:\WINDOWS\System32\NSI.dll
0x00007ffa97220000 - 0x00007ffa97269000 	C:\Users\riote\AppData\Local\Temp\jna-108519817\jna4962782393232840129.dll
0x00007ffb0ffa0000 - 0x00007ffb0ffa8000 	C:\WINDOWS\System32\PSAPI.DLL
0x00007ffb082b0000 - 0x00007ffb082ce000 	C:\WINDOWS\SYSTEM32\dhcpcsvc6.DLL
0x00007ffb08260000 - 0x00007ffb08283000 	C:\WINDOWS\SYSTEM32\dhcpcsvc.DLL

JVMTI agents:
c:\Users\riote\.vscode\extensions\redhat.java-1.50.0-win32-x64\lombok\lombok-1.18.39-4050.jar path:c:\Users\riote\.vscode\extensions\redhat.java-1.50.0-win32-x64\jre\21.0.9-win32-x86_64\bin\instrument.dll, loaded, initialized, instrumentlib options:none

dbghelp: loaded successfully - version: 4.0.5 - missing functions: none
symbol engine: initialized successfully - sym options: 0x614 - pdb path: .;c:\Users\riote\.vscode\extensions\redhat.java-1.50.0-win32-x64\jre\21.0.9-win32-x86_64\bin;C:\WINDOWS\SYSTEM32;C:\WINDOWS\WinSxS\amd64_microsoft.windows.common-controls_6595b64144ccf1df_6.0.26100.7309_none_3e05feeae336a044;c:\Users\riote\.vscode\extensions\redhat.java-1.50.0-win32-x64\jre\21.0.9-win32-x86_64\bin\server;C:\Users\riote\AppData\Roaming\Code\User\globalStorage\redhat.java\1.50.0\config_win\org.eclipse.equinox.launcher\org.eclipse.equinox.launcher.win32.win32.x86_64_1.2.1400.v20250801-0854;C:\Users\riote\AppData\Local\Temp\jna-108519817

VM Arguments:
jvm_args: --add-modules=ALL-SYSTEM --add-opens=java.base/java.util=ALL-UNNAMED --add-opens=java.base/java.lang=ALL-UNNAMED --add-opens=java.base/sun.nio.fs=ALL-UNNAMED -Declipse.application=org.eclipse.jdt.ls.core.id1 -Dosgi.bundles.defaultStartLevel=4 -Declipse.product=org.eclipse.jdt.ls.core.product -Djava.import.generatesMetadataFilesAtProjectRoot=false -DDetectVMInstallationsJob.disabled=true -Dfile.encoding=utf8 -XX:+UseParallelGC -XX:GCTimeRatio=4 -XX:AdaptiveSizePolicyWeight=90 -Dsun.zip.disableMemoryMapping=true -Xmx2G -Xms100m -Xlog:disable -javaagent:c:\Users\riote\.vscode\extensions\redhat.java-1.50.0-win32-x64\lombok\lombok-1.18.39-4050.jar -XX:+HeapDumpOnOutOfMemoryError -XX:HeapDumpPath=c:\Users\riote\AppData\Roaming\Code\User\workspaceStorage\13b668ac731fed21f70de81d4ce0961b\redhat.java -Daether.dependencyCollector.impl=bf 
java_command: c:\Users\riote\.vscode\extensions\redhat.java-1.50.0-win32-x64\server\plugins\org.eclipse.equinox.launcher_1.7.100.v20251111-0406.jar -configuration c:\Users\riote\AppData\Roaming\Code\User\globalStorage\redhat.java\1.50.0\config_win -data c:\Users\riote\AppData\Roaming\Code\User\workspaceStorage\13b668ac731fed21f70de81d4ce0961b\redhat.java\jdt_ws --pipe=\\.\pipe\lsp-4384b8db6ea6736388b0a2c9436ad3ec-sock
java_class_path (initial): c:\Users\riote\.vscode\extensions\redhat.java-1.50.0-win32-x64\server\plugins\org.eclipse.equinox.launcher_1.7.100.v20251111-0406.jar
Launcher Type: SUN_STANDARD

[Global flags]
    uintx AdaptiveSizePolicyWeight                 = 90                                        {product} {command line}
     intx CICompilerCount                          = 3                                         {product} {ergonomic}
    uintx GCTimeRatio                              = 4                                         {product} {command line}
     bool HeapDumpOnOutOfMemoryError               = true                                   {manageable} {command line}
    ccstr HeapDumpPath                             = c:\Users\riote\AppData\Roaming\Code\User\workspaceStorage\13b668ac731fed21f70de81d4ce0961b\redhat.java         {manageable} {command line}
   size_t InitialHeapSize                          = 104857600                                 {product} {command line}
   size_t MaxHeapSize                              = 2147483648                                {product} {command line}
   size_t MaxNewSize                               = 715653120                                 {product} {ergonomic}
   size_t MinHeapDeltaBytes                        = 524288                                    {product} {ergonomic}
   size_t MinHeapSize                              = 104857600                                 {product} {command line}
   size_t NewSize                                  = 34603008                                  {product} {ergonomic}
    uintx NonNMethodCodeHeapSize                   = 5832780                                {pd product} {ergonomic}
    uintx NonProfiledCodeHeapSize                  = 122912730                              {pd product} {ergonomic}
   size_t OldSize                                  = 70254592                                  {product} {ergonomic}
    uintx ProfiledCodeHeapSize                     = 122912730                              {pd product} {ergonomic}
    uintx ReservedCodeCacheSize                    = 251658240                              {pd product} {ergonomic}
     bool SegmentedCodeCache                       = true                                      {product} {ergonomic}
   size_t SoftMaxHeapSize                          = 2147483648                             {manageable} {ergonomic}
     bool UseCompressedOops                        = true                           {product lp64_product} {ergonomic}
     bool UseLargePagesIndividualAllocation        = false                                  {pd product} {ergonomic}
     bool UseParallelGC                            = true                                      {product} {command line}

Logging:
Log output configuration:
 #0: stdout all=off uptime,level,tags foldmultilines=false
 #1: stderr all=off uptime,level,tags foldmultilines=false

Release file:
JAVA_VERSION="21.0.9" 
MODULES="java.base java.compiler java.datatransfer java.xml java.prefs java.desktop java.instrument java.logging java.management java.security.sasl java.naming java.rmi java.management.rmi java.net.http java.scripting java.security.jgss java.transaction.xa java.sql java.sql.rowset java.xml.crypto java.se java.smartcardio jdk.accessibility jdk.internal.jvmstat jdk.attach jdk.charsets jdk.internal.opt jdk.zipfs jdk.compiler jdk.crypto.ec jdk.crypto.cryptoki jdk.crypto.mscapi jdk.dynalink jdk.internal.ed jdk.editpad jdk.hotspot.agent jdk.httpserver jdk.internal.le jdk.internal.vm.ci jdk.internal.vm.compiler jdk.internal.vm.compiler.management jdk.jartool jdk.javadoc jdk.jcmd jdk.management jdk.management.agent jdk.jconsole jdk.jdeps jdk.jdwp.agent jdk.jdi jdk.jfr jdk.jshell jdk.jsobject jdk.jstatd jdk.localedata jdk.management.jfr jdk.naming.dns jdk.naming.rmi jdk.net jdk.nio.mapmode jdk.random jdk.sctp jdk.security.auth jdk.security.jgss jdk.unsupported jdk.unsupported.desktop jdk.xml.dom" 

Environment Variables:
JAVA_HOME=C:\Program Files\Java\jdk-21
PATH=C:\WINDOWS\system32;C:\WINDOWS;C:\WINDOWS\System32\Wbem;C:\WINDOWS\System32\WindowsPowerShell\v1.0\;C:\WINDOWS\System32\OpenSSH\;C:\Program Files\Microsoft SQL Server\150\Tools\Binn\;C:\xampp\php;C:\Program Files\Microsoft SQL Server\Client SDK\ODBC\170\Tools\Binn\;C:\Program Files (x86)\Microsoft SQL Server\160\Tools\Binn\;C:\Program Files\Microsoft SQL Server\160\Tools\Binn\;C:\Program Files\Microsoft SQL Server\160\DTS\Binn\;C:\Program Files (x86)\Microsoft SQL Server\160\DTS\Binn\;C:\Program Files\nodejs\;C:\Program Files\MongoDB\Server\8.0\bin;C:\Program Files\MySQL\MySQL Utilities 1.6\;C:\Program Files (x86)\PowerShell\7\;C:\Program Files (x86)\Maven\apache-maven-3.9.11\bin;C:\Program Files\Java\jdk-21\bin;C:\Program Files\Java\jdk-20\bin;C:\Program Files\Common Files\Oracle\Java\javapath;C:\Program Files\Git\cmd;C:\Program Files\Eclipse Adoptium\jdk-21\bin;C:\Program Files\Common Files\Oracle\Java\javapath;C:\WINDOWS\system32;C:\WINDOWS;C:\WINDOWS\System32\Wbem;C:\WINDOWS\System32\WindowsPowerShell\v1.0\;C:\WINDOWS\System32\OpenSSH\;C:\Program Files\Microsoft SQL Server\150\Tools\Binn\;C:\Program Files\Java\jdk-20\bin;C:\xampp\php;C:\Program Files\Microsoft SQL Server\Client SDK\ODBC\170\Tools\Binn\;C:\Program Files (x86)\Microsoft SQL Server\160\Tools\Binn\;C:\Program Files\Microsoft SQL Server\160\Tools\Binn\;C:\Program Files\Microsoft SQL Server\160\DTS\Binn\;C:\Program Files (x86)\Microsoft SQL Server\160\DTS\Binn\;C:\Program Files\nodejs\;C:\Program Files\MongoDB\Server\8.0\bin;C:\Program Files\MySQL\MySQL Utilities 1.6\;C:\Program Files (x86)\PowerShell\7\;C:\Program Files (x86)\Maven\apache-maven-3.9.11\bin;C:\Program Files (x86)\apache-maven-3.9.11\bin\bin;C:\Users\riote\AppData\Local\Programs\Windsurf\bin;C:\Users\riote\AppData\Local\Programs\Microsoft VS Code\bin;C:\Users\riote\AppData\Local\Programs\Antigravity\bin
USERNAME=riote
OS=Windows_NT
PROCESSOR_IDENTIFIER=Intel64 Family 6 Model 140 Stepping 2, GenuineIntel
TMP=C:\Users\riote\AppData\Local\Temp
TEMP=C:\Users\riote\AppData\Local\Temp




Periodic native trim disabled

---------------  S Y S T E M  ---------------

OS:
 Windows 11 , 64 bit Build 26100 (10.0.26100.7309)
OS uptime: 0 days 22:19 hours
Hyper-V role detected

CPU: total 4 (initial active 4) (2 cores per cpu, 2 threads per core) family 6 model 140 stepping 2 microcode 0x22, cx8, cmov, fxsr, ht, mmx, 3dnowpref, sse, sse2, sse3, ssse3, sse4.1, sse4.2, popcnt, lzcnt, tsc, tscinvbit, avx, avx2, aes, erms, clmul, bmi1, bmi2, adx, avx512f, avx512dq, avx512cd, avx512bw, avx512vl, sha, fma, vzeroupper, avx512_vpopcntdq, avx512_vpclmulqdq, avx512_vaes, avx512_vnni, clflush, clflushopt, clwb, avx512_vbmi2, avx512_vbmi, hv, rdtscp, rdpid, fsrm, gfni, avx512_bitalg, f16c, cet_ibt, cet_ss, avx512_ifma
Processor Information for the first 4 processors :
  Max Mhz: 2995, Current Mhz: 998, Mhz Limit: 2995

Memory: 4k page, system-wide physical 7934M (625M free)
TotalPageFile size 19453M (AvailPageFile size 2M)
current process WorkingSet (physical memory assigned to process): 400M, peak: 409M
current process commit charge ("private bytes"): 422M, peak: 427M

vm_info: OpenJDK 64-Bit Server VM (21.0.9+10-LTS) for windows-amd64 JRE (21.0.9+10-LTS), built on 2025-10-21T00:00:00Z by "admin" with unknown MS VC++:1942

END.
